<?xml version="1.0" encoding="UTF-8"?>
<testng-results ignored="0" total="2" passed="2" failed="0" skipped="0">
  <reporter-output>
  </reporter-output>
  <suite started-at="2022-08-29T20:15:32 EEST" name="Default suite" finished-at="2022-08-29T20:15:32 EEST" duration-ms="37">
    <groups>
    </groups>
    <test started-at="2022-08-29T20:15:32 EEST" name="Default test" finished-at="2022-08-29T20:15:32 EEST" duration-ms="37">
      <class name="PostAPITest">
        <test-method signature="Test()[pri:0, instance:PostAPITest@2f7efd0b, instance params:[]]" started-at="2022-08-29T20:15:32 EEST" name="Test" finished-at="2022-08-29T20:15:32 EEST" duration-ms="11" status="PASS">
          <reporter-output>
          </reporter-output>
        </test-method> <!-- Test -->
        <test-method signature="Test()[pri:0, instance:PostAPITest@66933239, instance params:[]]" started-at="2022-08-29T20:15:32 EEST" name="Test" finished-at="2022-08-29T20:15:32 EEST" duration-ms="0" status="PASS">
          <reporter-output>
          </reporter-output>
        </test-method> <!-- Test -->
      </class> <!-- PostAPITest -->
    </test> <!-- Default test -->
  </suite> <!-- Default suite -->
</testng-results>
