<?xml version="1.0" encoding="UTF-8"?>
<testng-results ignored="0" total="2" passed="2" failed="0" skipped="0">
  <reporter-output>
  </reporter-output>
  <suite started-at="2022-08-29T10:15:58 EEST" name="Default suite" finished-at="2022-08-29T10:16:02 EEST" duration-ms="3614">
    <groups>
    </groups>
    <test started-at="2022-08-29T10:15:58 EEST" name="Default test" finished-at="2022-08-29T10:16:02 EEST" duration-ms="3614">
      <class name="NewTest">
        <test-method is-config="true" signature="Initialize()[pri:0, instance:NewTest@3a44431a]" started-at="2022-08-29T10:15:58 EEST" name="Initialize" finished-at="2022-08-29T10:15:59 EEST" duration-ms="536" status="PASS">
          <reporter-output>
          </reporter-output>
        </test-method> <!-- Initialize -->
        <test-method signature="APITesting(java.lang.Object,java.lang.Object,java.lang.Object,java.lang.Object,java.lang.Object)[pri:0, instance:NewTest@3a44431a]" started-at="2022-08-29T10:15:59 EEST" name="APITesting" data-provider="TestCasesProvider" finished-at="2022-08-29T10:16:01 EEST" duration-ms="2243" status="PASS">
          <params>
            <param index="0">
              <value>
                <![CDATA[{"id":1,"title":"sunt aut facere repellat provident occaecati excepturi optio reprehenderit","body":"quia et suscipit\nsuscipit recusandae consequuntur expedita et cum\nreprehenderit molestiae ut ut quas totam\nnostrum rerum est autem sunt rem eveniet architecto"}]]>
              </value>
            </param>
            <param index="1">
              <value>
                <![CDATA[{"id":1,"title":"sunt aut facere repellat provident occaecati excepturi optio reprehenderit","body":"quia et suscipit\nsuscipit recusandae consequuntur expedita et cum\nreprehenderit molestiae ut ut quas totam\nnostrum rerum est autem sunt rem eveniet architecto"}]]>
              </value>
            </param>
            <param index="2">
              <value>
                <![CDATA["POST"]]>
              </value>
            </param>
            <param index="3">
              <value>
                <![CDATA["/posts"]]>
              </value>
            </param>
            <param index="4">
              <value>
                <![CDATA[201]]>
              </value>
            </param>
          </params>
          <reporter-output>
          </reporter-output>
        </test-method> <!-- APITesting -->
        <test-method signature="APITesting(java.lang.Object,java.lang.Object,java.lang.Object,java.lang.Object,java.lang.Object)[pri:0, instance:NewTest@3a44431a]" started-at="2022-08-29T10:16:01 EEST" name="APITesting" data-provider="TestCasesProvider" finished-at="2022-08-29T10:16:02 EEST" duration-ms="519" status="PASS">
          <params>
            <param index="0">
              <value>
                <![CDATA[{"id":1,"title":"sunt aut facere repellat provident occaecati excepturi optio reprehenderit","body":"quia et suscipit\nsuscipit recusandae consequuntur expedita et cum\nreprehenderit molestiae ut ut quas totam\nnostrum rerum est autem sunt rem eveniet architecto"}]]>
              </value>
            </param>
            <param index="1">
              <value>
                <![CDATA[{"id":1,"title":"sunt aut facere repellat provident occaecati excepturi optio reprehenderit","body":"quia et suscipit\nsuscipit recusandae consequuntur expedita et cum\nreprehenderit molestiae ut ut quas totam\nnostrum rerum est autem sunt rem eveniet architecto"}]]>
              </value>
            </param>
            <param index="2">
              <value>
                <![CDATA["POST"]]>
              </value>
            </param>
            <param index="3">
              <value>
                <![CDATA["/posts"]]>
              </value>
            </param>
            <param index="4">
              <value>
                <![CDATA[201]]>
              </value>
            </param>
          </params>
          <reporter-output>
          </reporter-output>
        </test-method> <!-- APITesting -->
      </class> <!-- NewTest -->
    </test> <!-- Default test -->
  </suite> <!-- Default suite -->
</testng-results>
